Diagnose log at 2023-01-31T08:15:23Z

AppPath: C:\Program Files\Git\mingw64\bin\git-credential-manager.exe
InstallDir: C:\Program Files\Git\mingw64\bin\
Version: 2.0.886+ea93cb5158

------------
Diagnostic: Environment
Skipped: False
Success: True
Exception: None
Log:
OSType: Windows
OSVersion: 10.0 (build 19045)
Reading environment variables... OK
 Variables:
HOMEPATH=\Users\clack
DriverData=C:\Windows\System32\Drivers\DriverData
COMPUTERNAME=RTX-LAPTOP
MSYSTEM=MINGW64
CommonProgramFiles(x86)=C:\Program Files (x86)\Common Files
WINDIR=C:\WINDOWS
OneDrive=C:\Users\clack\OneDrive
SSH_ASKPASS=C:/Program Files/Git/mingw64/bin/git-askpass.exe
TMPDIR=C:\Users\clack\AppData\Local\Temp
GIT_LFS_PATH=C:\Program Files\Git LFS
CONFIG_SITE=C:/Program Files/Git/etc/config.site
PROCESSOR_REVISION=6001
USERDOMAIN=RTX-LAPTOP
PATHEXT=.COM;.EXE;.BAT;.CMD;.VBS;.VBE;.JS;.JSE;.WSF;.WSH;.MSC
MSYSTEM_PREFIX=C:/Program Files/Git/mingw64
MINGW_PREFIX=C:/Program Files/Git/mingw64
GIT_EXEC_PATH=C:/Program Files/Git/mingw64/libexec/git-core
ACLOCAL_PATH=C:\Program Files\Git\mingw64\share\aclocal;C:\Program Files\Git\usr\share\aclocal
TEMP=C:\Users\clack\AppData\Local\Temp
LOCALAPPDATA=C:\Users\clack\AppData\Local
MANPATH=C:\Program Files\Git\mingw64\local\man;C:\Program Files\Git\mingw64\share\man;C:\Program Files\Git\usr\local\man;C:\Program Files\Git\usr\share\man;C:\Program Files\Git\usr\man;C:\Program Files\Git\share\man
TERM=xterm-256color
PROCESSOR_IDENTIFIER=AMD64 Family 23 Model 96 Stepping 1, AuthenticAMD
MSYSTEM_CARCH=x86_64
PROGRAMFILES=C:\Program Files (x86)
ProgramData=C:\ProgramData
OculusBase=C:\Program Files\Oculus\
ORIGINAL_TMP=C:/Users/clack/AppData/Local/Temp
GameFirstUserPath=C:\ProgramData\ASUS\GameFirst
TERM_PROGRAM=vscode
PROCESSOR_LEVEL=23
NUMBER_OF_PROCESSORS=16
PATH=C:/Program Files/Git/mingw64/libexec/git-core;C:\Users\clack\bin;C:\Program Files\Git\mingw64\bin;C:\Program Files\Git\usr\local\bin;C:\Program Files\Git\usr\bin;C:\Program Files\Git\usr\bin;C:\Program Files\Git\mingw64\bin;C:\Program Files\Git\usr\bin;C:\Users\clack\bin;C:\Program Files\Common Files\Oracle\Java\javapath;C:\Program Files\Oculus\Support\oculus-runtime;C:\Windows\system32;C:\Windows;C:\Windows\System32\Wbem;C:\Windows\System32\WindowsPowerShell\v1.0;C:\Windows\System32\OpenSSH;C:\Program Files (x86)\NVIDIA Corporation\PhysX\Common;C:\Program Files\NVIDIA Corporation\NVIDIA NvDLISR;C:\WINDOWS\system32;C:\WINDOWS;C:\WINDOWS\System32\Wbem;C:\WINDOWS\System32\WindowsPowerShell\v1.0;C:\WINDOWS\System32\OpenSSH;C:\Program Files\Git LFS;C:\Program Files\dotnet;C:\Program Files (x86)\Windows Kits\10\Windows Performance Toolkit;C:\Program Files\7-Zip;C:\Program Files\Git\cmd;C:\Users\clack\AppData\Local\Programs\Python\Python310\Scripts;C:\Users\clack\AppData\Local\Programs\Python\Python310;C:\Users\clack\AppData\Local\Microsoft\WindowsApps;C:\Users\clack\AppData\Local\Programs\Microsoft VS Code\bin;C:\Users\clack\AppData\Local\GitHubDesktop\bin;C:\Users\clack\.dotnet\tools;C:\Program Files\7-Zip;C:\Users\clack\AppData\Local\Programs\Python\Python310;C:\Users\clack\AppData\Local\Programs\Python\Python310\python.exe;C:\Users\clack\AppData\Local\Programs\Python\Python310\Scripts;C:\Program Files\Git\usr\bin\vendor_perl;C:\Program Files\Git\usr\bin\core_perl
SHLVL=1
APPDATA=C:\Users\clack\AppData\Roaming
SYSTEMDRIVE=C:
TERM_PROGRAM_VERSION=1.74.3
VSCODE_GIT_ASKPASS_MAIN=c:\Users\clack\AppData\Local\Programs\Microsoft VS Code\resources\app\extensions\git\dist\askpass-main.js
PSModulePath=C:\Program Files\WindowsPowerShell\Modules;C:\WINDOWS\system32\WindowsPowerShell\v1.0\Modules
PUBLIC=C:\Users\Public
VSCODE_GIT_IPC_HANDLE=\\.\pipe\vscode-git-0508e198aa-sock
HOSTNAME=RTX-Laptop
PKG_CONFIG_PATH=C:\Program Files\Git\mingw64\lib\pkgconfig;C:\Program Files\Git\mingw64\share\pkgconfig
MSYSTEM_CHOST=x86_64-w64-mingw32
ORIGINAL_TEMP=C:/Users/clack/AppData/Local/Temp
CHROME_CRASHPAD_PIPE_NAME=\\.\pipe\LOCAL\crashpad_1484_DBIIMJECQPITPVOF
PLINK_PROTOCOL=ssh
COLORTERM=truecolor
ProgramW6432=C:\Program Files
ACSvcPort=17532
MINGW_CHOST=x86_64-w64-mingw32
SYSTEMROOT=C:\WINDOWS
PKG_CONFIG_SYSTEM_LIBRARY_PATH=C:/Program Files/Git/mingw64/lib
RlsSvcPort=22112
TMP=C:\Users\clack\AppData\Local\Temp
ORIGINAL_XDG_CURRENT_DESKTOP=undefined
SHELL=C:\Program Files\Git\usr\bin\bash.exe
HOME=C:\Users\clack
VSCODE_GIT_ASKPASS_EXTRA_ARGS=--ms-enable-electron-run-as-node
COMSPEC=C:\WINDOWS\system32\cmd.exe
LOGONSERVER=\\RTX-LAPTOP
GameTurbo=C:\Program Files (x86)\ASUS\GameFirst\
USERPROFILE=C:\Users\clack
DISPLAY=needs-to-be-defined
COMMONPROGRAMFILES=C:\Program Files (x86)\Common Files
VSCODE_GIT_ASKPASS_NODE=C:\Users\clack\AppData\Local\Programs\Microsoft VS Code\Code.exe
_=C:/Program Files/Git/mingw64/bin/git
USERDOMAIN_ROAMINGPROFILE=RTX-LAPTOP
LANG=en_US.UTF-8
HOMEDRIVE=C:
INFOPATH=C:\Program Files\Git\mingw64\local\info;C:\Program Files\Git\mingw64\share\info;C:\Program Files\Git\usr\local\info;C:\Program Files\Git\usr\share\info;C:\Program Files\Git\usr\info;C:\Program Files\Git\share\info
ACSetupSvcPort=23210
ProgramFiles(x86)=C:\Program Files (x86)
MINGW_PACKAGE_PREFIX=mingw-w64-x86_64
CommonProgramW6432=C:\Program Files\Common Files
SESSIONNAME=Console
PWD=C:/School/School2022Spring
EXEPATH=C:\Program Files\Git\bin
USERNAME=clack
PROCESSOR_ARCHITEW6432=AMD64
ORIGINAL_PATH=C:\Program Files\Git\mingw64\bin;C:\Program Files\Git\usr\bin;C:\Users\clack\bin;C:\Program Files\Common Files\Oracle\Java\javapath;C:\Program Files\Oculus\Support\oculus-runtime;C:\Windows\system32;C:\Windows;C:\Windows\System32\Wbem;C:\Windows\System32\WindowsPowerShell\v1.0;C:\Windows\System32\OpenSSH;C:\Program Files (x86)\NVIDIA Corporation\PhysX\Common;C:\Program Files\NVIDIA Corporation\NVIDIA NvDLISR;C:\WINDOWS\system32;C:\WINDOWS;C:\WINDOWS\System32\Wbem;C:\WINDOWS\System32\WindowsPowerShell\v1.0;C:\WINDOWS\System32\OpenSSH;C:\Program Files\Git LFS;C:\Program Files\dotnet;C:\Program Files (x86)\Windows Kits\10\Windows Performance Toolkit;C:\Program Files\7-Zip;C:\Program Files\Git\cmd;C:\Users\clack\AppData\Local\Programs\Python\Python310\Scripts;C:\Users\clack\AppData\Local\Programs\Python\Python310;C:\Users\clack\AppData\Local\Microsoft\WindowsApps;C:\Users\clack\AppData\Local\Programs\Microsoft VS Code\bin;C:\Users\clack\AppData\Local\GitHubDesktop\bin;C:\Users\clack\.dotnet\tools;C:\Program Files\7-Zip;C:\Users\clack\AppData\Local\Programs\Python\Python310;C:\Users\clack\AppData\Local\Programs\Python\Python310\python.exe;C:\Users\clack\AppData\Local\Programs\Python\Python310\Scripts
PROCESSOR_ARCHITECTURE=x86
PS1=\[\033]0;$TITLEPREFIX:$PWD\007\]\n\[\033[32m\]\u@\h \[\033[35m\]$MSYSTEM \[\033[33m\]\w\[\033[36m\]`__git_ps1`\[\033[0m\]\n$ 
OS=Windows_NT
PKG_CONFIG_SYSTEM_INCLUDE_PATH=C:/Program Files/Git/mingw64/include
GIT_ASKPASS=c:\Users\clack\AppData\Local\Programs\Microsoft VS Code\resources\app\extensions\git\dist\askpass.sh
ALLUSERSPROFILE=C:\ProgramData


------------
Diagnostic: File system
Skipped: False
Success: True
Exception: None
Log:
Temporary directory is 'C:\Users\clack\AppData\Local\Temp\'...
Checking basic file I/O...
Writing to temporary file 'C:\Users\clack\AppData\Local\Temp\4441460f8fd4d7dc1f9f8e46'... OK
Reading from temporary file 'C:\Users\clack\AppData\Local\Temp\4441460f8fd4d7dc1f9f8e46'... OK
Deleting temporary file 'C:\Users\clack\AppData\Local\Temp\4441460f8fd4d7dc1f9f8e46'... OK
Testing IFileSystem instance...
UserHomePath: C:\Users\clack
UserDataDirectoryPath: C:\Users\clack\.gcm
GetCurrentDirectory(): C:\School\School2022Spring

------------
Diagnostic: Networking
Skipped: False
Success: False
Exception:
System.Net.Http.HttpRequestException: An error occurred while sending the request. ---> System.Net.WebException: Unable to connect to the remote server ---> System.Net.Sockets.SocketException: No connection could be made because the target machine actively refused it 127.0.0.1:80
   at System.Net.Sockets.Socket.InternalEndConnect(IAsyncResult asyncResult)
   at System.Net.Sockets.Socket.EndConnect(IAsyncResult asyncResult)
   at System.Net.ServicePoint.ConnectSocketInternal(Boolean connectFailure, Socket s4, Socket s6, Socket& socket, IPAddress& address, ConnectSocketState state, IAsyncResult asyncResult, Exception& exception)
   --- End of inner exception stack trace ---
   at System.Net.HttpWebRequest.EndGetResponse(IAsyncResult asyncResult)
   at System.Net.Http.HttpClientHandler.GetResponseCallback(IAsyncResult ar)
   --- End of inner exception stack trace ---
   at System.Runtime.CompilerServices.TaskAwaiter.ThrowForNonSuccess(Task task)
   at System.Runtime.CompilerServices.TaskAwaiter.HandleNonSuccessAndDebuggerNotification(Task task)
   at System.Runtime.CompilerServices.TaskAwaiter`1.GetResult()
   at GitCredentialManager.Diagnostics.NetworkingDiagnostic.<RunInternalAsync>d__4.MoveNext()
--- End of stack trace from previous location where exception was thrown ---
   at System.Runtime.CompilerServices.TaskAwaiter.ThrowForNonSuccess(Task task)
   at System.Runtime.CompilerServices.TaskAwaiter.HandleNonSuccessAndDebuggerNotification(Task task)
   at System.Runtime.CompilerServices.TaskAwaiter`1.GetResult()
   at GitCredentialManager.Diagnostics.Diagnostic.<RunAsync>d__5.MoveNext()
Log:
Checking networking and HTTP stack...
Creating HTTP client... OK
IsNetworkAvailable: True
Sending HEAD request to http://example.com...
------------
Diagnostic: Git
Skipped: False
Success: True
Exception: None
Log:
Getting Git version... OK
Git version is '2.39.1.windows.1'
Locating current repository... OK
Git repository at 'C:/School/School2022Spring/.git'
Listing all Git configuration... OK
Git configuration:
file:C:/Program Files/Git/etc/gitconfig	diff.astextplain.textconv=astextplain
file:C:/Program Files/Git/etc/gitconfig	filter.lfs.clean=git-lfs clean -- %f
file:C:/Program Files/Git/etc/gitconfig	filter.lfs.smudge=git-lfs smudge -- %f
file:C:/Program Files/Git/etc/gitconfig	filter.lfs.process=git-lfs filter-process
file:C:/Program Files/Git/etc/gitconfig	filter.lfs.required=true
file:C:/Program Files/Git/etc/gitconfig	http.sslbackend=openssl
file:C:/Program Files/Git/etc/gitconfig	http.sslcainfo=C:/Program Files/Git/mingw64/ssl/certs/ca-bundle.crt
file:C:/Program Files/Git/etc/gitconfig	core.autocrlf=true
file:C:/Program Files/Git/etc/gitconfig	core.fscache=true
file:C:/Program Files/Git/etc/gitconfig	core.symlinks=false
file:C:/Program Files/Git/etc/gitconfig	pull.rebase=false
file:C:/Program Files/Git/etc/gitconfig	credential.helper=manager
file:C:/Program Files/Git/etc/gitconfig	credential.https://dev.azure.com.usehttppath=true
file:C:/Program Files/Git/etc/gitconfig	init.defaultbranch=master
file:C:/Users/clack/.gitconfig	filter.lfs.clean=git-lfs clean -- %f
file:C:/Users/clack/.gitconfig	filter.lfs.smudge=git-lfs smudge -- %f
file:C:/Users/clack/.gitconfig	filter.lfs.process=git-lfs filter-process
file:C:/Users/clack/.gitconfig	filter.lfs.required=true
file:C:/Users/clack/.gitconfig	user.name=Clackroe
file:C:/Users/clack/.gitconfig	user.email=clackroe@icloud.com
file:C:/Users/clack/.gitconfig	pull.ff=only
file:C:/Users/clack/.gitconfig	init.defaultbranch=main
file:.git/config	core.repositoryformatversion=0
file:.git/config	core.filemode=false
file:.git/config	core.bare=false
file:.git/config	core.logallrefupdates=true
file:.git/config	core.symlinks=false
file:.git/config	core.ignorecase=true
file:.git/config	lfs.repositoryformatversion=0
file:.git/config	remote.origin.url=https://github.com/Clackroe/School2022Spring.git
file:.git/config	remote.origin.fetch=+refs/heads/*:refs/remotes/origin/*
file:.git/config	branch.main.remote=origin
file:.git/config	branch.main.merge=refs/heads/main
file:.git/config	gui.wmstate=normal
file:.git/config	gui.geometry=1322x693+38+38 254 315


------------
Diagnostic: Credential storage
Skipped: False
Success: True
Exception: None
Log:
ICredentialStore instance is of type: CredentialStore
Writing test credential... OK
Reading test credential... OK
Deleting test credential... OK

------------
Diagnostic: Microsoft authentication (AAD/MSA)
Skipped: False
Success: True
Exception: None
Log:
Broker not supported.
Flow type is: Auto
Gathering MSAL token cache data... OK
CacheDirectory: C:\Users\clack\AppData\Local\.IdentityService
CacheFileName: msal.cache
CacheFilePath: C:\Users\clack\AppData\Local\.IdentityService\msal.cache
Creating cache helper... OK
Verifying MSAL token cache persistence... OK

------------
Diagnostic: GitHub API
Skipped: False
Success: True
Exception: None
Log:
Using 'https://github.com/' as API target.
Querying '/meta' endpoint... OK

